<?xml version="1.0" encoding="UTF-8"?>
<!-- Generated by org.testng.reporters.JUnitReportReporter -->
<testsuite hostname="LAPTOP-F9GTT2QO" failures="0" tests="1" name="com.sauce.testCases.login_testCases" time="14.413" errors="0" timestamp="2024-08-25T05:41:24 IST" skipped="0">
  <testcase classname="com.sauce.testCases.login_testCases" name="f" time="14.413"/>
  <system-out/>
</testsuite> <!-- com.sauce.testCases.login_testCases -->
