<?xml version="1.0" encoding="UTF-8"?>
<!-- Generated by org.testng.reporters.JUnitReportReporter -->
<testsuite hostname="DESKTOP-FQ85KJ8" failures="0" tests="1" name="com.sauce.testCases.homePage_TestCases" time="17.029" errors="0" timestamp="2024-08-25T09:08:08 IST" skipped="0">
  <testcase classname="com.sauce.testCases.homePage_TestCases" name="allInHomePage" time="17.029"/>
  <system-out>
    <![CDATA[Open the web application]]>
  </system-out>
</testsuite> <!-- com.sauce.testCases.homePage_TestCases -->
