<?xml version="1.0" encoding="UTF-8"?>
<!-- Generated by org.testng.reporters.JUnitReportReporter -->
<testsuite hostname="LAPTOP-F9GTT2QO" failures="0" tests="1" name="com.sauce.testCases.checkoutPage_testCases" time="6.327" errors="0" timestamp="2024-08-25T06:31:11 IST" skipped="0">
  <testcase classname="com.sauce.testCases.checkoutPage_testCases" name="f" time="6.327"/>
  <system-out/>
</testsuite> <!-- com.sauce.testCases.checkoutPage_testCases -->
