<?xml version="1.0" encoding="UTF-8"?>
<!-- Generated by org.testng.reporters.JUnitReportReporter -->
<testsuite hostname="LAPTOP-F9GTT2QO" failures="0" tests="1" name="com.sauce.testCases.finish_testCases" time="12.944" errors="0" timestamp="2024-08-25T08:33:39 IST" skipped="0">
  <testcase classname="com.sauce.testCases.finish_testCases" name="f" time="12.944"/>
  <system-out/>
</testsuite> <!-- com.sauce.testCases.finish_testCases -->
