<?xml version="1.0" encoding="UTF-8"?>
<!-- Generated by org.testng.reporters.JUnitReportReporter -->
<testsuite hostname="LAPTOP-F9GTT2QO" failures="0" tests="1" name="com.sauce.testCases.yourCart_testCases" time="8.429" errors="0" timestamp="2024-08-25T06:42:44 IST" skipped="0">
  <testcase classname="com.sauce.testCases.yourCart_testCases" name="f" time="8.429"/>
  <system-out/>
</testsuite> <!-- com.sauce.testCases.yourCart_testCases -->
